<?xml version="1.0" encoding="UTF-8"?>
<!-- Generated by org.testng.reporters.JUnitXMLReporter -->
<testsuite ignored="0" hostname="DESKTOP-0BH1UMI" failures="1" tests="7" name="Test" time="41.452" errors="0" timestamp="2023-12-09T13:07:39 IST">
  <testcase classname="com.ebay.tests.ProductSearchByCategory" name="navigateToCellPhones" time="3.649"/>
  <testcase classname="com.ebay.tests.ProductSearchByCategory" name="selectSmartphones" time="3.384"/>
  <testcase classname="com.ebay.tests.ProductSearchByCategory" name="applyFilters" time="17.473"/>
  <testcase classname="com.ebay.tests.ProductSearchByCategory" name="VerifyApplyFilter" time="0.28">
    <skipped/>
  </testcase> <!-- VerifyApplyFilter -->
  <testcase classname="com.ebay.tests.ProductSearchByCategory" name="VerifyApplyFilter" time="0.03">
    <skipped/>
  </testcase> <!-- VerifyApplyFilter -->
  <testcase classname="com.ebay.tests.ProductSearchByCategory" name="VerifyApplyFilter" time="0.042">
    <skipped/>
  </testcase> <!-- VerifyApplyFilter -->
  <testcase classname="com.ebay.tests.ProductSearchByCategory" name="VerifyApplyFilter" time="0.068">
    <failure type="java.lang.AssertionError" message="Verification Failed: Filter tag does not match expected [Cell Phone &amp;amp; Smartphone Parts over $250.00] but found [Cell Phone &amp;amp; Smartphone Parts between US $250.00 and US $500.00]">
      <![CDATA[java.lang.AssertionError: Verification Failed: Filter tag does not match expected [Cell Phone & Smartphone Parts over $250.00] but found [Cell Phone & Smartphone Parts between US $250.00 and US $500.00]
at com.ebay.tests.ProductSearchByCategory.VerifyApplyFilter(ProductSearchByCategory.java:58)
at java.base/java.util.ArrayList.forEach(ArrayList.java:1511)
... Removed 32 stack frames]]>
    </failure>
  </testcase> <!-- VerifyApplyFilter -->
</testsuite> <!-- Test -->
